2025-12-08 15:08:27,173 - INFO - TemplateManager initialized: templates_dir=F:\gitee\data_factory_next\export_templates\templates
2025-12-08 15:08:27,199 - INFO - 加载了 3 个模板
2025-12-08 15:08:35,289 - INFO - 加载数据文件成功: 36 个位号, header_rows=1
2025-12-08 15:08:40,225 - INFO - 选择模板: pid_loop_tuning
2025-12-08 15:08:40,226 - INFO - 模板加载成功: name=pid_loop_tuning, header_rows=1
2025-12-08 15:08:40,262 - INFO - 加载数据文件成功: 36 个位号, header_rows=1
2025-12-08 15:08:48,542 - INFO - 绘制成功: 3 个位号
2025-12-08 15:09:08,562 - INFO - 绘制成功: 4 个位号
2025-12-08 15:09:19,049 - INFO - 绘制成功: 4 个位号
2025-12-08 15:09:19,447 - INFO - 绘制成功: 4 个位号
2025-12-08 15:09:19,674 - INFO - 绘制成功: 4 个位号
2025-12-08 15:09:19,862 - INFO - 绘制成功: 4 个位号
2025-12-08 15:09:20,055 - INFO - 绘制成功: 4 个位号
2025-12-08 15:09:20,261 - INFO - 绘制成功: 4 个位号
2025-12-08 15:09:20,555 - INFO - 绘制成功: 4 个位号
2025-12-08 15:09:20,733 - INFO - 绘制成功: 4 个位号
2025-12-08 15:09:20,903 - INFO - 绘制成功: 4 个位号
2025-12-08 15:09:21,247 - INFO - 绘制成功: 4 个位号
2025-12-08 15:09:21,450 - INFO - 绘制成功: 4 个位号
2025-12-08 15:09:21,628 - INFO - 绘制成功: 4 个位号
2025-12-08 15:09:21,814 - INFO - 绘制成功: 4 个位号
2025-12-08 15:11:58,638 - INFO - 配置matplotlib使用中文字体: Microsoft YaHei
2025-12-08 15:11:58,675 - INFO - TemplateManager initialized: templates_dir=F:\gitee\data_factory_next\export_templates\templates
2025-12-08 15:11:58,680 - INFO - 加载了 3 个模板
2025-12-08 15:12:05,122 - INFO - 加载数据文件成功: 36 个位号, header_rows=1
2025-12-08 15:12:09,137 - INFO - 绘制成功: 3 个位号
2025-12-08 15:19:47,187 - INFO - 配置matplotlib使用中文字体: Microsoft YaHei
2025-12-08 15:19:47,226 - INFO - TemplateManager initialized: templates_dir=F:\gitee\data_factory_next\export_templates\templates
2025-12-08 15:19:47,234 - INFO - 加载了 3 个模板
2025-12-08 15:19:59,369 - INFO - 加载数据文件成功: 36 个位号, 总点数=10000, header_rows=1
2025-12-08 15:20:02,008 - INFO - 选择模板: pid_loop_tuning
2025-12-08 15:20:02,009 - INFO - 模板加载成功: name=pid_loop_tuning, header_rows=1
2025-12-08 15:20:02,031 - INFO - 加载数据文件成功: 36 个位号, 总点数=10000, header_rows=1
2025-12-08 15:20:15,192 - INFO - 绘制成功: 2 个位号, 范围: 0-1000
2025-12-08 15:20:17,752 - INFO - 绘制成功: 2 个位号, 范围: 0-5
2025-12-08 15:20:17,859 - INFO - 绘制成功: 2 个位号, 范围: 0-50
2025-12-08 15:20:18,004 - INFO - 绘制成功: 2 个位号, 范围: 0-500
2025-12-08 15:20:19,570 - INFO - 绘制成功: 2 个位号, 范围: 0-500
2025-12-08 15:20:22,262 - INFO - 绘制成功: 2 个位号, 范围: 26-526
2025-12-08 15:20:22,315 - INFO - 绘制成功: 2 个位号, 范围: 105-605
2025-12-08 15:20:22,378 - INFO - 绘制成功: 2 个位号, 范围: 131-631
2025-12-08 15:20:22,430 - INFO - 绘制成功: 2 个位号, 范围: 157-657
2025-12-08 15:20:22,516 - INFO - 绘制成功: 2 个位号, 范围: 183-683
2025-12-08 15:20:22,570 - INFO - 绘制成功: 2 个位号, 范围: 262-762
2025-12-08 15:20:22,805 - INFO - 绘制成功: 2 个位号, 范围: 288-788
2025-12-08 15:20:22,857 - INFO - 绘制成功: 2 个位号, 范围: 314-814
2025-12-08 15:20:22,908 - INFO - 绘制成功: 2 个位号, 范围: 340-840
2025-12-08 15:20:22,960 - INFO - 绘制成功: 2 个位号, 范围: 419-919
2025-12-08 15:20:23,013 - INFO - 绘制成功: 2 个位号, 范围: 497-997
2025-12-08 15:20:23,068 - INFO - 绘制成功: 2 个位号, 范围: 523-1023
2025-12-08 15:20:23,126 - INFO - 绘制成功: 2 个位号, 范围: 550-1050
2025-12-08 15:20:23,232 - INFO - 绘制成功: 2 个位号, 范围: 576-1076
2025-12-08 15:20:23,291 - INFO - 绘制成功: 2 个位号, 范围: 680-1180
2025-12-08 15:20:23,349 - INFO - 绘制成功: 2 个位号, 范围: 733-1233
2025-12-08 15:20:23,534 - INFO - 绘制成功: 2 个位号, 范围: 759-1259
2025-12-08 15:20:23,623 - INFO - 绘制成功: 2 个位号, 范围: 785-1285
2025-12-08 15:20:23,713 - INFO - 绘制成功: 2 个位号, 范围: 811-1311
2025-12-08 15:20:23,768 - INFO - 绘制成功: 2 个位号, 范围: 890-1390
2025-12-08 15:20:24,040 - INFO - 绘制成功: 2 个位号, 范围: 916-1416
2025-12-08 15:20:24,095 - INFO - 绘制成功: 2 个位号, 范围: 1047-1547
2025-12-08 15:20:24,150 - INFO - 绘制成功: 2 个位号, 范围: 1073-1573
2025-12-08 15:20:24,343 - INFO - 绘制成功: 2 个位号, 范围: 1099-1599
2025-12-08 15:20:24,397 - INFO - 绘制成功: 2 个位号, 范围: 1204-1704
2025-12-08 15:20:24,585 - INFO - 绘制成功: 2 个位号, 范围: 1230-1730
2025-12-08 15:20:24,637 - INFO - 绘制成功: 2 个位号, 范围: 1309-1809
2025-12-08 15:20:24,764 - INFO - 绘制成功: 2 个位号, 范围: 1335-1835
2025-12-08 15:20:24,817 - INFO - 绘制成功: 2 个位号, 范围: 1361-1861
2025-12-08 15:20:28,200 - INFO - 绘制成功: 2 个位号, 范围: 1374-1874
2025-12-08 15:20:28,282 - INFO - 绘制成功: 2 个位号, 范围: 1513-2013
2025-12-08 15:20:28,359 - INFO - 绘制成功: 2 个位号, 范围: 1642-2142
2025-12-08 15:20:28,430 - INFO - 绘制成功: 2 个位号, 范围: 1735-2235
2025-12-08 15:20:28,500 - INFO - 绘制成功: 2 个位号, 范围: 1781-2281
2025-12-08 15:20:28,570 - INFO - 绘制成功: 2 个位号, 范围: 1793-2293
2025-12-08 15:20:28,639 - INFO - 绘制成功: 2 个位号, 范围: 1863-2363
2025-12-08 15:20:28,706 - INFO - 绘制成功: 2 个位号, 范围: 1874-2374
2025-12-08 15:20:28,772 - INFO - 绘制成功: 2 个位号, 范围: 1886-2386
2025-12-08 15:20:28,838 - INFO - 绘制成功: 2 个位号, 范围: 1898-2398
2025-12-08 15:20:28,903 - INFO - 绘制成功: 2 个位号, 范围: 1921-2421
2025-12-08 15:20:28,971 - INFO - 绘制成功: 2 个位号, 范围: 1944-2444
2025-12-08 15:20:29,043 - INFO - 绘制成功: 2 个位号, 范围: 1968-2468
2025-12-08 15:20:29,102 - INFO - 绘制成功: 2 个位号, 范围: 1979-2479
2025-12-08 15:20:29,185 - INFO - 绘制成功: 2 个位号, 范围: 2014-2514
2025-12-08 15:20:29,262 - INFO - 绘制成功: 2 个位号, 范围: 2037-2537
2025-12-08 15:20:29,336 - INFO - 绘制成功: 2 个位号, 范围: 2084-2584
2025-12-08 15:20:29,506 - INFO - 绘制成功: 2 个位号, 范围: 2096-2596
2025-12-08 15:20:29,575 - INFO - 绘制成功: 2 个位号, 范围: 2107-2607
2025-12-08 15:20:29,643 - INFO - 绘制成功: 2 个位号, 范围: 2131-2631
2025-12-08 15:20:29,711 - INFO - 绘制成功: 2 个位号, 范围: 2142-2642
2025-12-08 15:20:29,829 - INFO - 绘制成功: 2 个位号, 范围: 2154-2654
2025-12-08 15:20:29,896 - INFO - 绘制成功: 2 个位号, 范围: 2177-2677
2025-12-08 15:20:29,962 - INFO - 绘制成功: 2 个位号, 范围: 2189-2689
2025-12-08 15:20:30,035 - INFO - 绘制成功: 2 个位号, 范围: 2200-2700
2025-12-08 15:20:30,114 - INFO - 绘制成功: 2 个位号, 范围: 2212-2712
2025-12-08 15:20:30,189 - INFO - 绘制成功: 2 个位号, 范围: 2224-2724
2025-12-08 15:20:30,348 - INFO - 绘制成功: 2 个位号, 范围: 2235-2735
2025-12-08 15:20:30,417 - INFO - 绘制成功: 2 个位号, 范围: 2247-2747
2025-12-08 15:20:30,493 - INFO - 绘制成功: 2 个位号, 范围: 2270-2770
2025-12-08 15:20:30,619 - INFO - 绘制成功: 2 个位号, 范围: 2282-2782
2025-12-08 15:20:30,691 - INFO - 绘制成功: 2 个位号, 范围: 2305-2805
2025-12-08 15:20:30,758 - INFO - 绘制成功: 2 个位号, 范围: 2340-2840
2025-12-08 15:20:30,944 - INFO - 绘制成功: 2 个位号, 范围: 2352-2852
2025-12-08 15:20:31,016 - INFO - 绘制成功: 2 个位号, 范围: 2363-2863
2025-12-08 15:20:31,087 - INFO - 绘制成功: 2 个位号, 范围: 2387-2887
2025-12-08 15:20:31,376 - INFO - 绘制成功: 2 个位号, 范围: 2398-2898
2025-12-08 15:20:31,441 - INFO - 绘制成功: 2 个位号, 范围: 2410-2910
2025-12-08 15:20:31,812 - INFO - 绘制成功: 2 个位号, 范围: 2422-2922
2025-12-08 15:20:31,878 - INFO - 绘制成功: 2 个位号, 范围: 2480-2980
2025-12-08 15:20:31,943 - INFO - 绘制成功: 2 个位号, 范围: 2491-2991
2025-12-08 15:20:32,038 - INFO - 绘制成功: 2 个位号, 范围: 2503-3003
2025-12-08 15:20:32,112 - INFO - 绘制成功: 2 个位号, 范围: 2526-3026
2025-12-08 15:20:32,187 - INFO - 绘制成功: 2 个位号, 范围: 2573-3073
2025-12-08 15:20:32,266 - INFO - 绘制成功: 2 个位号, 范围: 2596-3096
2025-12-08 15:20:32,336 - INFO - 绘制成功: 2 个位号, 范围: 2608-3108
2025-12-08 15:20:32,490 - INFO - 绘制成功: 2 个位号, 范围: 2619-3119
2025-12-08 15:20:32,558 - INFO - 绘制成功: 2 个位号, 范围: 2631-3131
2025-12-08 15:20:32,627 - INFO - 绘制成功: 2 个位号, 范围: 2643-3143
2025-12-08 15:20:32,692 - INFO - 绘制成功: 2 个位号, 范围: 2654-3154
2025-12-08 15:20:32,758 - INFO - 绘制成功: 2 个位号, 范围: 2666-3166
2025-12-08 15:20:32,827 - INFO - 绘制成功: 2 个位号, 范围: 2678-3178
2025-12-08 15:20:32,900 - INFO - 绘制成功: 2 个位号, 范围: 2713-3213
2025-12-08 15:20:32,977 - INFO - 绘制成功: 2 个位号, 范围: 2724-3224
2025-12-08 15:20:33,055 - INFO - 绘制成功: 2 个位号, 范围: 2736-3236
2025-12-08 15:20:33,158 - INFO - 绘制成功: 2 个位号, 范围: 2759-3259
2025-12-08 15:20:33,234 - INFO - 绘制成功: 2 个位号, 范围: 2794-3294
2025-12-08 15:20:33,306 - INFO - 绘制成功: 2 个位号, 范围: 2817-3317
2025-12-08 15:20:33,376 - INFO - 绘制成功: 2 个位号, 范围: 2852-3352
2025-12-08 15:20:33,469 - INFO - 绘制成功: 2 个位号, 范围: 2864-3364
2025-12-08 15:20:33,535 - INFO - 绘制成功: 2 个位号, 范围: 2876-3376
2025-12-08 15:20:33,604 - INFO - 绘制成功: 2 个位号, 范围: 2899-3399
2025-12-08 15:20:33,672 - INFO - 绘制成功: 2 个位号, 范围: 2945-3445
2025-12-08 15:20:33,738 - INFO - 绘制成功: 2 个位号, 范围: 2957-3457
2025-12-08 15:20:33,806 - INFO - 绘制成功: 2 个位号, 范围: 2969-3469
2025-12-08 15:20:33,873 - INFO - 绘制成功: 2 个位号, 范围: 2980-3480
2025-12-08 15:20:33,939 - INFO - 绘制成功: 2 个位号, 范围: 3004-3504
2025-12-08 15:20:34,019 - INFO - 绘制成功: 2 个位号, 范围: 3015-3515
2025-12-08 15:20:34,089 - INFO - 绘制成功: 2 个位号, 范围: 3027-3527
2025-12-08 15:20:34,161 - INFO - 绘制成功: 2 个位号, 范围: 3050-3550
2025-12-08 15:20:34,237 - INFO - 绘制成功: 2 个位号, 范围: 3062-3562
2025-12-08 15:20:34,308 - INFO - 绘制成功: 2 个位号, 范围: 3074-3574
2025-12-08 15:20:34,378 - INFO - 绘制成功: 2 个位号, 范围: 3108-3608
2025-12-08 15:20:34,452 - INFO - 绘制成功: 2 个位号, 范围: 3120-3620
2025-12-08 15:20:34,520 - INFO - 绘制成功: 2 个位号, 范围: 3132-3632
2025-12-08 15:20:34,588 - INFO - 绘制成功: 2 个位号, 范围: 3155-3655
2025-12-08 15:20:34,744 - INFO - 绘制成功: 2 个位号, 范围: 3167-3667
2025-12-08 15:20:34,808 - INFO - 绘制成功: 2 个位号, 范围: 3213-3713
2025-12-08 15:20:34,876 - INFO - 绘制成功: 2 个位号, 范围: 3248-3748
2025-12-08 15:20:34,947 - INFO - 绘制成功: 2 个位号, 范围: 3260-3760
2025-12-08 15:20:35,063 - INFO - 绘制成功: 2 个位号, 范围: 3271-3771
2025-12-08 15:20:35,137 - INFO - 绘制成功: 2 个位号, 范围: 3295-3795
2025-12-08 15:20:35,213 - INFO - 绘制成功: 2 个位号, 范围: 3306-3806
2025-12-08 15:20:35,297 - INFO - 绘制成功: 2 个位号, 范围: 3330-3830
2025-12-08 15:20:35,401 - INFO - 绘制成功: 2 个位号, 范围: 3341-3841
2025-12-08 15:20:35,477 - INFO - 绘制成功: 2 个位号, 范围: 3376-3876
2025-12-08 15:20:35,547 - INFO - 绘制成功: 2 个位号, 范围: 3400-3900
2025-12-08 15:20:35,617 - INFO - 绘制成功: 2 个位号, 范围: 3411-3911
2025-12-08 15:20:35,687 - INFO - 绘制成功: 2 个位号, 范围: 3423-3923
2025-12-08 15:20:35,754 - INFO - 绘制成功: 2 个位号, 范围: 3446-3946
2025-12-08 15:20:35,821 - INFO - 绘制成功: 2 个位号, 范围: 3481-3981
2025-12-08 15:20:35,897 - INFO - 绘制成功: 2 个位号, 范围: 3493-3993
2025-12-08 15:20:36,081 - INFO - 绘制成功: 2 个位号, 范围: 3504-4004
2025-12-08 15:20:36,150 - INFO - 绘制成功: 2 个位号, 范围: 3528-4028
2025-12-08 15:20:36,218 - INFO - 绘制成功: 2 个位号, 范围: 3539-4039
2025-12-08 15:20:36,286 - INFO - 绘制成功: 2 个位号, 范围: 3563-4063
2025-12-08 15:20:36,353 - INFO - 绘制成功: 2 个位号, 范围: 3574-4074
2025-12-08 15:20:36,438 - INFO - 绘制成功: 2 个位号, 范围: 3586-4086
2025-12-08 15:20:36,501 - INFO - 绘制成功: 2 个位号, 范围: 3597-4097
2025-12-08 15:20:36,553 - INFO - 绘制成功: 2 个位号, 范围: 3609-4109
2025-12-08 15:20:36,616 - INFO - 绘制成功: 2 个位号, 范围: 3621-4121
2025-12-08 15:20:36,694 - INFO - 绘制成功: 2 个位号, 范围: 3632-4132
2025-12-08 15:20:36,756 - INFO - 绘制成功: 2 个位号, 范围: 3656-4156
2025-12-08 15:20:36,820 - INFO - 绘制成功: 2 个位号, 范围: 3667-4167
2025-12-08 15:20:37,053 - INFO - 绘制成功: 2 个位号, 范围: 3679-4179
2025-12-08 15:20:37,144 - INFO - 绘制成功: 2 个位号, 范围: 3691-4191
2025-12-08 15:20:37,518 - INFO - 绘制成功: 2 个位号, 范围: 3702-4202
2025-12-08 15:20:37,593 - INFO - 绘制成功: 2 个位号, 范围: 3714-4214
2025-12-08 15:20:37,671 - INFO - 绘制成功: 2 个位号, 范围: 3737-4237
2025-12-08 15:20:37,739 - INFO - 绘制成功: 2 个位号, 范围: 3749-4249
2025-12-08 15:20:37,856 - INFO - 绘制成功: 2 个位号, 范围: 3760-4260
2025-12-08 15:20:42,495 - INFO - 绘制成功: 1 个位号, 范围: 3760-4260
2025-12-08 15:20:46,260 - INFO - 绘制成功: 1 个位号, 范围: 3772-4272
2025-12-08 15:20:46,327 - INFO - 绘制成功: 1 个位号, 范围: 3854-4354
2025-12-08 15:20:46,398 - INFO - 绘制成功: 1 个位号, 范围: 3935-4435
2025-12-08 15:20:46,471 - INFO - 绘制成功: 1 个位号, 范围: 3970-4470
2025-12-08 15:20:46,541 - INFO - 绘制成功: 1 个位号, 范围: 4063-4563
2025-12-08 15:20:46,606 - INFO - 绘制成功: 1 个位号, 范围: 4110-4610
2025-12-08 15:20:46,668 - INFO - 绘制成功: 1 个位号, 范围: 4180-4680
2025-12-08 15:20:46,732 - INFO - 绘制成功: 1 个位号, 范围: 4238-4738
2025-12-08 15:20:46,795 - INFO - 绘制成功: 1 个位号, 范围: 4261-4761
2025-12-08 15:20:46,884 - INFO - 绘制成功: 1 个位号, 范围: 4296-4796
2025-12-08 15:20:46,946 - INFO - 绘制成功: 1 个位号, 范围: 4319-4819
2025-12-08 15:20:47,182 - INFO - 绘制成功: 1 个位号, 范围: 4331-4831
2025-12-08 15:20:47,250 - INFO - 绘制成功: 1 个位号, 范围: 4343-4843
2025-12-08 15:20:47,319 - INFO - 绘制成功: 1 个位号, 范围: 4354-4854
2025-12-08 15:20:47,381 - INFO - 绘制成功: 1 个位号, 范围: 4389-4889
2025-12-08 15:20:47,623 - INFO - 绘制成功: 1 个位号, 范围: 4401-4901
2025-12-08 15:20:47,686 - INFO - 绘制成功: 1 个位号, 范围: 4459-4959
2025-12-08 15:20:47,949 - INFO - 绘制成功: 1 个位号, 范围: 4471-4971
2025-12-08 15:20:48,011 - INFO - 绘制成功: 1 个位号, 范围: 4517-5017
2025-12-08 15:20:48,076 - INFO - 绘制成功: 1 个位号, 范围: 4529-5029
2025-12-08 15:20:48,264 - INFO - 绘制成功: 1 个位号, 范围: 4540-5040
2025-12-08 15:20:50,205 - INFO - 绘制成功: 1 个位号, 范围: 4540-4542
2025-12-08 15:20:50,264 - INFO - 绘制成功: 1 个位号, 范围: 4540-4560
2025-12-08 15:20:50,418 - INFO - 绘制成功: 1 个位号, 范围: 4540-4740
2025-12-08 15:20:52,399 - INFO - 绘制成功: 1 个位号, 范围: 4540-4740
2025-12-08 15:20:53,106 - INFO - 绘制成功: 1 个位号, 范围: 4552-4752
2025-12-08 15:20:53,169 - INFO - 绘制成功: 1 个位号, 范围: 4624-4824
2025-12-08 15:20:53,231 - INFO - 绘制成功: 1 个位号, 范围: 4696-4896
2025-12-08 15:20:53,293 - INFO - 绘制成功: 1 个位号, 范围: 4720-4920
2025-12-08 15:20:53,407 - INFO - 绘制成功: 1 个位号, 范围: 4732-4932
2025-12-08 15:20:53,476 - INFO - 绘制成功: 1 个位号, 范围: 4744-4944
2025-12-08 15:20:53,535 - INFO - 绘制成功: 1 个位号, 范围: 4768-4968
2025-12-08 15:20:53,594 - INFO - 绘制成功: 1 个位号, 范围: 4792-4992
2025-12-08 15:20:53,661 - INFO - 绘制成功: 1 个位号, 范围: 4804-5004
2025-12-08 15:20:53,724 - INFO - 绘制成功: 1 个位号, 范围: 4816-5016
2025-12-08 15:20:53,814 - INFO - 绘制成功: 1 个位号, 范围: 4828-5028
2025-12-08 15:20:53,873 - INFO - 绘制成功: 1 个位号, 范围: 4840-5040
2025-12-08 15:20:53,931 - INFO - 绘制成功: 1 个位号, 范围: 4864-5064
2025-12-08 15:20:54,041 - INFO - 绘制成功: 1 个位号, 范围: 4876-5076
2025-12-08 15:20:54,099 - INFO - 绘制成功: 1 个位号, 范围: 4912-5112
2025-12-08 15:20:54,167 - INFO - 绘制成功: 1 个位号, 范围: 4936-5136
2025-12-08 15:20:54,237 - INFO - 绘制成功: 1 个位号, 范围: 4960-5160
2025-12-08 15:20:54,350 - INFO - 绘制成功: 1 个位号, 范围: 4972-5172
2025-12-08 15:20:54,408 - INFO - 绘制成功: 1 个位号, 范围: 5032-5232
2025-12-08 15:20:54,469 - INFO - 绘制成功: 1 个位号, 范围: 5056-5256
2025-12-08 15:20:54,602 - INFO - 绘制成功: 1 个位号, 范围: 5068-5268
2025-12-08 15:20:54,660 - INFO - 绘制成功: 1 个位号, 范围: 5104-5304
2025-12-08 15:20:54,715 - INFO - 绘制成功: 1 个位号, 范围: 5116-5316
2025-12-08 15:20:54,772 - INFO - 绘制成功: 1 个位号, 范围: 5140-5340
2025-12-08 15:20:54,887 - INFO - 绘制成功: 1 个位号, 范围: 5152-5352
2025-12-08 15:20:54,944 - INFO - 绘制成功: 1 个位号, 范围: 5176-5376
2025-12-08 15:20:55,004 - INFO - 绘制成功: 1 个位号, 范围: 5188-5388
2025-12-08 15:20:55,066 - INFO - 绘制成功: 1 个位号, 范围: 5212-5412
2025-12-08 15:20:55,129 - INFO - 绘制成功: 1 个位号, 范围: 5224-5424
2025-12-08 15:20:55,212 - INFO - 绘制成功: 1 个位号, 范围: 5236-5436
2025-12-08 15:20:55,276 - INFO - 绘制成功: 1 个位号, 范围: 5284-5484
2025-12-08 15:20:55,338 - INFO - 绘制成功: 1 个位号, 范围: 5296-5496
2025-12-08 15:20:55,587 - INFO - 绘制成功: 1 个位号, 范围: 5284-5484
2025-12-08 15:20:55,654 - INFO - 绘制成功: 1 个位号, 范围: 5248-5448
2025-12-08 15:20:55,721 - INFO - 绘制成功: 1 个位号, 范围: 5080-5280
2025-12-08 15:20:55,788 - INFO - 绘制成功: 1 个位号, 范围: 5044-5244
2025-12-08 15:20:55,851 - INFO - 绘制成功: 1 个位号, 范围: 4960-5160
2025-12-08 15:20:55,930 - INFO - 绘制成功: 1 个位号, 范围: 4948-5148
2025-12-08 15:20:55,987 - INFO - 绘制成功: 1 个位号, 范围: 4912-5112
2025-12-08 15:20:56,047 - INFO - 绘制成功: 1 个位号, 范围: 4888-5088
2025-12-08 15:20:56,115 - INFO - 绘制成功: 1 个位号, 范围: 4876-5076
2025-12-08 15:20:56,178 - INFO - 绘制成功: 1 个位号, 范围: 4864-5064
2025-12-08 15:20:56,240 - INFO - 绘制成功: 1 个位号, 范围: 4828-5028
2025-12-08 15:20:56,301 - INFO - 绘制成功: 1 个位号, 范围: 4816-5016
2025-12-08 15:20:56,359 - INFO - 绘制成功: 1 个位号, 范围: 4732-4932
2025-12-08 15:20:56,422 - INFO - 绘制成功: 1 个位号, 范围: 4624-4824
2025-12-08 15:20:56,477 - INFO - 绘制成功: 1 个位号, 范围: 4552-4752
2025-12-08 15:20:56,542 - INFO - 绘制成功: 1 个位号, 范围: 4444-4644
2025-12-08 15:20:56,603 - INFO - 绘制成功: 1 个位号, 范围: 4432-4632
2025-12-08 15:20:56,666 - INFO - 绘制成功: 1 个位号, 范围: 4420-4620
2025-12-08 15:20:56,776 - INFO - 绘制成功: 1 个位号, 范围: 4408-4608
2025-12-08 15:20:56,841 - INFO - 绘制成功: 1 个位号, 范围: 4360-4560
2025-12-08 15:20:56,900 - INFO - 绘制成功: 1 个位号, 范围: 4203-4403
2025-12-08 15:20:56,960 - INFO - 绘制成功: 1 个位号, 范围: 4191-4391
2025-12-08 15:20:57,022 - INFO - 绘制成功: 1 个位号, 范围: 4179-4379
2025-12-08 15:20:57,084 - INFO - 绘制成功: 1 个位号, 范围: 4119-4319
2025-12-08 15:20:57,152 - INFO - 绘制成功: 1 个位号, 范围: 3951-4151
2025-12-08 15:20:57,222 - INFO - 绘制成功: 1 个位号, 范围: 3807-4007
2025-12-08 15:20:57,285 - INFO - 绘制成功: 1 个位号, 范围: 3675-3875
2025-12-08 15:20:57,347 - INFO - 绘制成功: 1 个位号, 范围: 3579-3779
2025-12-08 15:20:57,409 - INFO - 绘制成功: 1 个位号, 范围: 3375-3575
2025-12-08 15:20:57,476 - INFO - 绘制成功: 1 个位号, 范围: 3050-3250
2025-12-08 15:20:57,551 - INFO - 绘制成功: 1 个位号, 范围: 3038-3238
2025-12-08 15:20:57,612 - INFO - 绘制成功: 1 个位号, 范围: 2078-2278
2025-12-08 15:20:57,672 - INFO - 绘制成功: 1 个位号, 范围: 1477-1677
2025-12-08 15:20:57,737 - INFO - 绘制成功: 1 个位号, 范围: 925-1125
2025-12-08 15:20:57,797 - INFO - 绘制成功: 1 个位号, 范围: 348-548
2025-12-08 15:20:57,864 - INFO - 绘制成功: 1 个位号, 范围: 0-200
2025-12-08 15:25:19,403 - INFO - 配置matplotlib使用中文字体: Microsoft YaHei
2025-12-08 15:25:19,438 - INFO - TemplateManager initialized: templates_dir=F:\gitee\data_factory_next\export_templates\templates
2025-12-08 15:25:19,445 - INFO - 加载了 3 个模板
2025-12-08 15:25:30,455 - INFO - 加载数据文件成功: 36 个位号, 总点数=10000, header_rows=1
2025-12-08 15:25:33,387 - INFO - 选择模板: ai_loop_tuning
2025-12-08 15:25:33,388 - INFO - 模板加载成功: name=ai_loop_tuning, header_rows=1
2025-12-08 15:25:33,413 - INFO - 加载数据文件成功: 36 个位号, 总点数=10000, header_rows=1
2025-12-08 15:25:34,519 - INFO - 选择模板: pid_loop_tuning
2025-12-08 15:25:34,519 - INFO - 模板加载成功: name=pid_loop_tuning, header_rows=1
2025-12-08 15:25:34,540 - INFO - 加载数据文件成功: 36 个位号, 总点数=10000, header_rows=1
2025-12-08 15:25:39,691 - INFO - 绘制成功: 1 个位号, 范围: 0-500
2025-12-08 15:25:41,128 - INFO - 绘制成功: 1 个位号, 范围: 11-511
2025-12-08 15:25:41,182 - INFO - 绘制成功: 1 个位号, 范围: 53-553
2025-12-08 15:25:41,236 - INFO - 绘制成功: 1 个位号, 范围: 95-595
2025-12-08 15:25:41,292 - INFO - 绘制成功: 1 个位号, 范围: 169-669
2025-12-08 15:25:41,350 - INFO - 绘制成功: 1 个位号, 范围: 212-712
2025-12-08 15:25:41,402 - INFO - 绘制成功: 1 个位号, 范围: 233-733
2025-12-08 15:25:41,452 - INFO - 绘制成功: 1 个位号, 范围: 286-786
2025-12-08 15:25:41,503 - INFO - 绘制成功: 1 个位号, 范围: 318-818
2025-12-08 15:25:41,554 - INFO - 绘制成功: 1 个位号, 范围: 328-828
2025-12-08 15:25:41,667 - INFO - 绘制成功: 1 个位号, 范围: 339-839
2025-12-08 15:25:41,712 - INFO - 绘制成功: 1 个位号, 范围: 360-860
2025-12-08 15:25:41,835 - INFO - 绘制成功: 1 个位号, 范围: 371-871
2025-12-08 15:25:42,070 - INFO - 绘制成功: 1 个位号, 范围: 381-881
2025-12-08 15:25:42,115 - INFO - 绘制成功: 1 个位号, 范围: 392-892
2025-12-08 15:25:42,165 - INFO - 绘制成功: 1 个位号, 范围: 402-902
2025-12-08 15:25:42,540 - INFO - 绘制成功: 1 个位号, 范围: 413-913
2025-12-08 15:25:42,641 - INFO - 绘制成功: 1 个位号, 范围: 424-924
2025-12-08 15:25:42,699 - INFO - 绘制成功: 1 个位号, 范围: 434-934
2025-12-08 15:25:43,035 - INFO - 绘制成功: 1 个位号, 范围: 445-945
2025-12-08 15:25:43,081 - INFO - 绘制成功: 1 个位号, 范围: 455-955
2025-12-08 15:25:43,139 - INFO - 绘制成功: 1 个位号, 范围: 466-966
2025-12-08 15:25:43,211 - INFO - 绘制成功: 1 个位号, 范围: 498-998
2025-12-08 15:25:43,403 - INFO - 绘制成功: 1 个位号, 范围: 508-1008
2025-12-08 15:25:43,448 - INFO - 绘制成功: 1 个位号, 范围: 519-1019
2025-12-08 15:25:43,520 - INFO - 绘制成功: 1 个位号, 范围: 530-1030
2025-12-08 15:25:43,752 - INFO - 绘制成功: 1 个位号, 范围: 540-1040
2025-12-08 15:25:43,796 - INFO - 绘制成功: 1 个位号, 范围: 551-1051
2025-12-08 15:25:43,849 - INFO - 绘制成功: 1 个位号, 范围: 561-1061
2025-12-08 15:25:43,945 - INFO - 绘制成功: 1 个位号, 范围: 572-1072
2025-12-08 15:25:43,997 - INFO - 绘制成功: 1 个位号, 范围: 604-1104
2025-12-08 15:25:44,048 - INFO - 绘制成功: 1 个位号, 范围: 614-1114
2025-12-08 15:25:44,102 - INFO - 绘制成功: 1 个位号, 范围: 625-1125
2025-12-08 15:25:44,201 - INFO - 绘制成功: 1 个位号, 范围: 635-1135
2025-12-08 15:25:44,258 - INFO - 绘制成功: 1 个位号, 范围: 667-1167
2025-12-08 15:25:44,306 - INFO - 绘制成功: 1 个位号, 范围: 688-1188
2025-12-08 15:25:44,356 - INFO - 绘制成功: 1 个位号, 范围: 805-1305
2025-12-08 15:25:44,410 - INFO - 绘制成功: 1 个位号, 范围: 1271-1771
2025-12-08 15:25:44,465 - INFO - 绘制成功: 1 个位号, 范围: 1705-2205
2025-12-08 15:25:44,520 - INFO - 绘制成功: 1 个位号, 范围: 2468-2968
2025-12-08 15:25:44,586 - INFO - 绘制成功: 1 个位号, 范围: 4162-4662
2025-12-08 15:25:44,646 - INFO - 绘制成功: 1 个位号, 范围: 6227-6727
2025-12-08 15:25:44,702 - INFO - 绘制成功: 1 个位号, 范围: 6905-7405
2025-12-08 15:25:44,755 - INFO - 绘制成功: 1 个位号, 范围: 7255-7755
2025-12-08 15:25:44,808 - INFO - 绘制成功: 1 个位号, 范围: 7530-8030
2025-12-08 15:25:44,861 - INFO - 绘制成功: 1 个位号, 范围: 7700-8200
2025-12-08 15:25:44,934 - INFO - 绘制成功: 1 个位号, 范围: 7710-8210
2025-12-08 15:25:44,985 - INFO - 绘制成功: 1 个位号, 范围: 7795-8295
2025-12-08 15:25:45,041 - INFO - 绘制成功: 1 个位号, 范围: 8282-8782
2025-12-08 15:25:45,093 - INFO - 绘制成功: 1 个位号, 范围: 8303-8803
2025-12-08 15:25:45,151 - INFO - 绘制成功: 1 个位号, 范围: 9087-9587
2025-12-08 15:25:45,206 - INFO - 绘制成功: 1 个位号, 范围: 9182-9682
2025-12-08 15:25:45,268 - INFO - 绘制成功: 1 个位号, 范围: 9288-9788
2025-12-08 15:25:45,323 - INFO - 绘制成功: 1 个位号, 范围: 9373-9873
2025-12-08 15:25:45,377 - INFO - 绘制成功: 1 个位号, 范围: 9479-9979
2025-12-08 15:25:45,432 - INFO - 绘制成功: 1 个位号, 范围: 9500-10000
2025-12-08 15:25:45,590 - INFO - 绘制成功: 1 个位号, 范围: 9489-9989
2025-12-08 15:25:45,639 - INFO - 绘制成功: 1 个位号, 范围: 9331-9831
2025-12-08 15:25:45,695 - INFO - 绘制成功: 1 个位号, 范围: 9203-9703
2025-12-08 15:25:45,743 - INFO - 绘制成功: 1 个位号, 范围: 9045-9545
2025-12-08 15:25:45,795 - INFO - 绘制成功: 1 个位号, 范围: 8822-9322
2025-12-08 15:25:45,843 - INFO - 绘制成功: 1 个位号, 范围: 8346-8846
2025-12-08 15:25:45,891 - INFO - 绘制成功: 1 个位号, 范围: 7742-8242
2025-12-08 15:25:45,942 - INFO - 绘制成功: 1 个位号, 范围: 7361-7861
2025-12-08 15:25:45,994 - INFO - 绘制成功: 1 个位号, 范围: 6958-7458
2025-12-08 15:25:46,044 - INFO - 绘制成功: 1 个位号, 范围: 6069-6569
2025-12-08 15:25:46,103 - INFO - 绘制成功: 1 个位号, 范围: 5052-5552
2025-12-08 15:25:46,156 - INFO - 绘制成功: 1 个位号, 范围: 4088-4588
2025-12-08 15:25:46,213 - INFO - 绘制成功: 1 个位号, 范围: 3368-3868
2025-12-08 15:25:46,268 - INFO - 绘制成功: 1 个位号, 范围: 2860-3360
2025-12-08 15:25:46,325 - INFO - 绘制成功: 1 个位号, 范围: 2192-2692
2025-12-08 15:25:46,376 - INFO - 绘制成功: 1 个位号, 范围: 1504-2004
2025-12-08 15:25:46,431 - INFO - 绘制成功: 1 个位号, 范围: 996-1496
2025-12-08 15:25:46,482 - INFO - 绘制成功: 1 个位号, 范围: 540-1040
2025-12-08 15:25:46,534 - INFO - 绘制成功: 1 个位号, 范围: 339-839
2025-12-08 15:25:46,585 - INFO - 绘制成功: 1 个位号, 范围: 212-712
2025-12-08 15:25:46,637 - INFO - 绘制成功: 1 个位号, 范围: 116-616
2025-12-08 15:25:46,684 - INFO - 绘制成功: 1 个位号, 范围: 95-595
2025-12-08 15:25:46,731 - INFO - 绘制成功: 1 个位号, 范围: 85-585
2025-12-08 15:25:51,182 - INFO - 绘制成功: 1 个位号, 范围: 85-585
2025-12-08 15:25:54,679 - INFO - 绘制成功: 1 个位号, 范围: 85-87
2025-12-08 15:25:54,750 - INFO - 绘制成功: 1 个位号, 范围: 85-105
2025-12-08 15:25:54,881 - INFO - 绘制成功: 1 个位号, 范围: 85-285
2025-12-08 15:25:56,369 - INFO - 绘制成功: 1 个位号, 范围: 85-285
2025-12-08 15:25:56,954 - INFO - 绘制成功: 1 个位号, 范围: 85-2085
2025-12-08 15:25:59,071 - INFO - 绘制成功: 1 个位号, 范围: 89-2089
2025-12-08 15:25:59,172 - INFO - 绘制成功: 1 个位号, 范围: 98-2098
2025-12-08 15:25:59,222 - INFO - 绘制成功: 1 个位号, 范围: 116-2116
2025-12-08 15:25:59,273 - INFO - 绘制成功: 1 个位号, 范围: 125-2125
2025-12-08 15:25:59,324 - INFO - 绘制成功: 1 个位号, 范围: 143-2143
2025-12-08 15:25:59,372 - INFO - 绘制成功: 1 个位号, 范围: 161-2161
2025-12-08 15:25:59,420 - INFO - 绘制成功: 1 个位号, 范围: 196-2196
2025-12-08 15:25:59,471 - INFO - 绘制成功: 1 个位号, 范围: 232-2232
2025-12-08 15:25:59,543 - INFO - 绘制成功: 1 个位号, 范围: 285-2285
2025-12-08 15:25:59,591 - INFO - 绘制成功: 1 个位号, 范围: 321-2321
2025-12-08 15:25:59,638 - INFO - 绘制成功: 1 个位号, 范围: 339-2339
2025-12-08 15:25:59,687 - INFO - 绘制成功: 1 个位号, 范围: 499-2499
2025-12-08 15:25:59,734 - INFO - 绘制成功: 1 个位号, 范围: 615-2615
2025-12-08 15:25:59,781 - INFO - 绘制成功: 1 个位号, 范围: 651-2651
2025-12-08 15:25:59,829 - INFO - 绘制成功: 1 个位号, 范围: 722-2722
2025-12-08 15:25:59,875 - INFO - 绘制成功: 1 个位号, 范围: 803-2803
2025-12-08 15:25:59,922 - INFO - 绘制成功: 1 个位号, 范围: 892-2892
2025-12-08 15:25:59,973 - INFO - 绘制成功: 1 个位号, 范围: 981-2981
2025-12-08 15:26:00,023 - INFO - 绘制成功: 1 个位号, 范围: 1070-3070
2025-12-08 15:26:00,084 - INFO - 绘制成功: 1 个位号, 范围: 1177-3177
2025-12-08 15:26:00,158 - INFO - 绘制成功: 1 个位号, 范围: 1356-3356
2025-12-08 15:26:00,222 - INFO - 绘制成功: 1 个位号, 范围: 1570-3570
2025-12-08 15:26:00,298 - INFO - 绘制成功: 1 个位号, 范围: 1784-3784
2025-12-08 15:26:00,361 - INFO - 绘制成功: 1 个位号, 范围: 1962-3962
2025-12-08 15:26:00,424 - INFO - 绘制成功: 1 个位号, 范围: 2140-4140
2025-12-08 15:26:00,484 - INFO - 绘制成功: 1 个位号, 范围: 2337-4337
2025-12-08 15:26:00,545 - INFO - 绘制成功: 1 个位号, 范围: 2462-4462
2025-12-08 15:26:00,604 - INFO - 绘制成功: 1 个位号, 范围: 2604-4604
2025-12-08 15:26:00,665 - INFO - 绘制成功: 1 个位号, 范围: 2783-4783
2025-12-08 15:26:00,722 - INFO - 绘制成功: 1 个位号, 范围: 3157-5157
2025-12-08 15:26:00,775 - INFO - 绘制成功: 1 个位号, 范围: 3434-5434
2025-12-08 15:26:00,826 - INFO - 绘制成功: 1 个位号, 范围: 3585-5585
2025-12-08 15:26:00,874 - INFO - 绘制成功: 1 个位号, 范围: 3835-5835
2025-12-08 15:26:00,926 - INFO - 绘制成功: 1 个位号, 范围: 4049-6049
2025-12-08 15:26:00,973 - INFO - 绘制成功: 1 个位号, 范围: 4058-6058
2025-12-08 15:26:01,023 - INFO - 绘制成功: 1 个位号, 范围: 4513-6513
2025-12-08 15:26:01,073 - INFO - 绘制成功: 1 个位号, 范围: 4709-6709
2025-12-08 15:26:01,124 - INFO - 绘制成功: 1 个位号, 范围: 4825-6825
2025-12-08 15:26:01,172 - INFO - 绘制成功: 1 个位号, 范围: 5021-7021
2025-12-08 15:26:01,224 - INFO - 绘制成功: 1 个位号, 范围: 5217-7217
2025-12-08 15:26:01,276 - INFO - 绘制成功: 1 个位号, 范围: 5610-7610
2025-12-08 15:26:01,328 - INFO - 绘制成功: 1 个位号, 范围: 5949-7949
2025-12-08 15:26:01,375 - INFO - 绘制成功: 1 个位号, 范围: 6172-8172
2025-12-08 15:26:01,426 - INFO - 绘制成功: 1 个位号, 范围: 6314-8314
2025-12-08 15:26:01,475 - INFO - 绘制成功: 1 个位号, 范围: 6546-8546
2025-12-08 15:26:01,521 - INFO - 绘制成功: 1 个位号, 范围: 6849-8849
2025-12-08 15:26:01,569 - INFO - 绘制成功: 1 个位号, 范围: 7126-9126
2025-12-08 15:26:01,616 - INFO - 绘制成功: 1 个位号, 范围: 7313-9313
2025-12-08 15:26:01,664 - INFO - 绘制成功: 1 个位号, 范围: 7402-9402
2025-12-08 15:26:01,706 - INFO - 绘制成功: 1 个位号, 范围: 7411-9411
2025-12-08 15:26:01,755 - INFO - 绘制成功: 1 个位号, 范围: 7652-9652
2025-12-08 15:26:01,804 - INFO - 绘制成功: 1 个位号, 范围: 7839-9839
2025-12-08 15:26:01,850 - INFO - 绘制成功: 1 个位号, 范围: 8000-10000
2025-12-08 15:26:02,413 - INFO - 绘制成功: 1 个位号, 范围: 7991-9991
2025-12-08 15:26:02,464 - INFO - 绘制成功: 1 个位号, 范围: 7625-9625
2025-12-08 15:26:02,513 - INFO - 绘制成功: 1 个位号, 范围: 7206-9206
2025-12-08 15:26:02,561 - INFO - 绘制成功: 1 个位号, 范围: 6751-8751
2025-12-08 15:26:02,608 - INFO - 绘制成功: 1 个位号, 范围: 6243-8243
2025-12-08 15:26:02,655 - INFO - 绘制成功: 1 个位号, 范围: 5690-7690
2025-12-08 15:26:02,703 - INFO - 绘制成功: 1 个位号, 范围: 5262-7262
2025-12-08 15:26:02,750 - INFO - 绘制成功: 1 个位号, 范围: 4825-6825
2025-12-08 15:26:02,796 - INFO - 绘制成功: 1 个位号, 范围: 4317-6317
2025-12-08 15:26:02,843 - INFO - 绘制成功: 1 个位号, 范围: 3924-5924
2025-12-08 15:26:02,892 - INFO - 绘制成功: 1 个位号, 范围: 3550-5550
2025-12-08 15:26:02,941 - INFO - 绘制成功: 1 个位号, 范围: 3095-5095
2025-12-08 15:26:02,990 - INFO - 绘制成功: 1 个位号, 范围: 2569-4569
2025-12-08 15:26:03,050 - INFO - 绘制成功: 1 个位号, 范围: 2176-4176
2025-12-08 15:26:03,115 - INFO - 绘制成功: 1 个位号, 范围: 1748-3748
2025-12-08 15:26:03,174 - INFO - 绘制成功: 1 个位号, 范围: 1213-3213
2025-12-08 15:26:03,222 - INFO - 绘制成功: 1 个位号, 范围: 1204-3204
2025-12-08 15:26:03,278 - INFO - 绘制成功: 1 个位号, 范围: 357-2357
2025-12-08 15:26:03,330 - INFO - 绘制成功: 1 个位号, 范围: 0-2000
2025-12-08 15:26:07,501 - INFO - 绘制成功: 1 个位号, 范围: 4-2004
2025-12-08 15:26:07,564 - INFO - 绘制成功: 1 个位号, 范围: 18-2018
2025-12-08 15:26:07,635 - INFO - 绘制成功: 1 个位号, 范围: 43-2043
2025-12-08 15:26:07,703 - INFO - 绘制成功: 1 个位号, 范围: 89-2089
2025-12-08 15:26:07,764 - INFO - 绘制成功: 1 个位号, 范围: 135-2135
2025-12-08 15:26:07,826 - INFO - 绘制成功: 1 个位号, 范围: 174-2174
2025-12-08 15:26:07,886 - INFO - 绘制成功: 1 个位号, 范围: 227-2227
2025-12-08 15:26:07,946 - INFO - 绘制成功: 1 个位号, 范围: 305-2305
2025-12-08 15:26:08,009 - INFO - 绘制成功: 1 个位号, 范围: 411-2411
2025-12-08 15:26:08,074 - INFO - 绘制成功: 1 个位号, 范围: 535-2535
2025-12-08 15:26:08,154 - INFO - 绘制成功: 1 个位号, 范围: 642-2642
2025-12-08 15:26:08,218 - INFO - 绘制成功: 1 个位号, 范围: 759-2759
2025-12-08 15:26:08,283 - INFO - 绘制成功: 1 个位号, 范围: 840-2840
2025-12-08 15:26:08,379 - INFO - 绘制成功: 1 个位号, 范围: 950-2950
2025-12-08 15:26:08,449 - INFO - 绘制成功: 1 个位号, 范围: 1134-3134
2025-12-08 15:26:08,516 - INFO - 绘制成功: 1 个位号, 范围: 1269-3269
2025-12-08 15:26:08,582 - INFO - 绘制成功: 1 个位号, 范围: 1350-3350
2025-12-08 15:26:08,645 - INFO - 绘制成功: 1 个位号, 范围: 1453-3453
2025-12-08 15:26:08,709 - INFO - 绘制成功: 1 个位号, 范围: 1535-3535
2025-12-08 15:26:08,777 - INFO - 绘制成功: 1 个位号, 范围: 1638-3638
2025-12-08 15:26:08,840 - INFO - 绘制成功: 1 个位号, 范围: 1786-3786
2025-12-08 15:26:08,905 - INFO - 绘制成功: 1 个位号, 范围: 1907-3907
2025-12-08 15:26:08,967 - INFO - 绘制成功: 1 个位号, 范围: 2063-4063
2025-12-08 15:26:09,036 - INFO - 绘制成功: 1 个位号, 范围: 2144-4144
2025-12-08 15:26:09,104 - INFO - 绘制成功: 1 个位号, 范围: 2276-4276
2025-12-08 15:26:09,173 - INFO - 绘制成功: 1 个位号, 范围: 2371-4371
2025-12-08 15:26:09,240 - INFO - 绘制成功: 1 个位号, 范围: 2456-4456
2025-12-08 15:26:09,306 - INFO - 绘制成功: 1 个位号, 范围: 2478-4478
2025-12-08 15:26:09,369 - INFO - 绘制成功: 1 个位号, 范围: 2446-4446
2025-12-08 15:26:09,432 - INFO - 绘制成功: 1 个位号, 范围: 2212-4212
2025-12-08 15:26:09,491 - INFO - 绘制成功: 1 个位号, 范围: 1932-3932
2025-12-08 15:26:09,555 - INFO - 绘制成功: 1 个位号, 范围: 1677-3677
2025-12-08 15:26:09,617 - INFO - 绘制成功: 1 个位号, 范围: 1276-3276
2025-12-08 15:26:09,677 - INFO - 绘制成功: 1 个位号, 范围: 957-2957
2025-12-08 15:26:09,737 - INFO - 绘制成功: 1 个位号, 范围: 730-2730
2025-12-08 15:26:09,799 - INFO - 绘制成功: 1 个位号, 范围: 613-2613
2025-12-08 15:26:09,857 - INFO - 绘制成功: 1 个位号, 范围: 542-2542
2025-12-08 15:26:09,919 - INFO - 绘制成功: 1 个位号, 范围: 539-2539
2025-12-08 15:26:15,731 - INFO - 绘制成功: 1 个位号, 范围: 539-2539
2025-12-08 15:26:18,955 - INFO - 绘制成功: 1 个位号, 范围: 539-540
2025-12-08 15:26:19,041 - INFO - 绘制成功: 1 个位号, 范围: 539-549
2025-12-08 15:26:19,176 - INFO - 绘制成功: 1 个位号, 范围: 539-639
2025-12-08 15:26:27,823 - INFO - 绘制成功: 1 个位号, 范围: 544-644
2025-12-08 15:26:27,877 - INFO - 绘制成功: 1 个位号, 范围: 553-653
2025-12-08 15:26:27,933 - INFO - 绘制成功: 1 个位号, 范围: 557-657
2025-12-08 15:26:27,988 - INFO - 绘制成功: 1 个位号, 范围: 570-670
2025-12-08 15:26:28,050 - INFO - 绘制成功: 1 个位号, 范围: 575-675
2025-12-08 15:26:28,186 - INFO - 绘制成功: 1 个位号, 范围: 579-679
2025-12-08 15:26:28,248 - INFO - 绘制成功: 1 个位号, 范围: 583-683
2025-12-08 15:26:28,310 - INFO - 绘制成功: 1 个位号, 范围: 601-701
2025-12-08 15:26:28,367 - INFO - 绘制成功: 1 个位号, 范围: 614-714
2025-12-08 15:26:28,427 - INFO - 绘制成功: 1 个位号, 范围: 632-732
2025-12-08 15:26:28,490 - INFO - 绘制成功: 1 个位号, 范围: 636-736
2025-12-08 15:26:28,550 - INFO - 绘制成功: 1 个位号, 范围: 640-740
2025-12-08 15:26:28,609 - INFO - 绘制成功: 1 个位号, 范围: 662-762
2025-12-08 15:26:28,666 - INFO - 绘制成功: 1 个位号, 范围: 667-767
2025-12-08 15:26:28,726 - INFO - 绘制成功: 1 个位号, 范围: 675-775
2025-12-08 15:26:28,784 - INFO - 绘制成功: 1 个位号, 范围: 693-793
2025-12-08 15:26:28,842 - INFO - 绘制成功: 1 个位号, 范围: 715-815
2025-12-08 15:26:28,903 - INFO - 绘制成功: 1 个位号, 范围: 728-828
2025-12-08 15:26:28,957 - INFO - 绘制成功: 1 个位号, 范围: 750-850
2025-12-08 15:26:29,018 - INFO - 绘制成功: 1 个位号, 范围: 759-859
2025-12-08 15:26:29,080 - INFO - 绘制成功: 1 个位号, 范围: 763-863
2025-12-08 15:26:29,142 - INFO - 绘制成功: 1 个位号, 范围: 776-876
2025-12-08 15:26:29,207 - INFO - 绘制成功: 1 个位号, 范围: 803-903
2025-12-08 15:26:29,274 - INFO - 绘制成功: 1 个位号, 范围: 825-925
2025-12-08 15:26:29,334 - INFO - 绘制成功: 1 个位号, 范围: 847-947
2025-12-08 15:26:29,393 - INFO - 绘制成功: 1 个位号, 范围: 860-960
2025-12-08 15:26:29,451 - INFO - 绘制成功: 1 个位号, 范围: 873-973
2025-12-08 15:26:29,510 - INFO - 绘制成功: 1 个位号, 范围: 890-990
2025-12-08 15:26:29,576 - INFO - 绘制成功: 1 个位号, 范围: 908-1008
2025-12-08 15:26:29,643 - INFO - 绘制成功: 1 个位号, 范围: 921-1021
2025-12-08 15:26:29,711 - INFO - 绘制成功: 1 个位号, 范围: 943-1043
2025-12-08 15:26:29,786 - INFO - 绘制成功: 1 个位号, 范围: 947-1047
2025-12-08 15:26:29,838 - INFO - 绘制成功: 1 个位号, 范围: 952-1052
2025-12-08 15:26:29,902 - INFO - 绘制成功: 1 个位号, 范围: 978-1078
2025-12-08 15:26:29,960 - INFO - 绘制成功: 1 个位号, 范围: 991-1091
2025-12-08 15:26:30,027 - INFO - 绘制成功: 1 个位号, 范围: 996-1096
2025-12-08 15:26:30,141 - INFO - 绘制成功: 1 个位号, 范围: 1000-1100
2025-12-08 15:26:30,205 - INFO - 绘制成功: 1 个位号, 范围: 1018-1118
2025-12-08 15:26:30,272 - INFO - 绘制成功: 1 个位号, 范围: 1031-1131
2025-12-08 15:26:30,336 - INFO - 绘制成功: 1 个位号, 范围: 1040-1140
2025-12-08 15:26:30,397 - INFO - 绘制成功: 1 个位号, 范围: 1044-1144
2025-12-08 15:26:30,457 - INFO - 绘制成功: 1 个位号, 范围: 1061-1161
2025-12-08 15:26:30,514 - INFO - 绘制成功: 1 个位号, 范围: 1075-1175
2025-12-08 15:26:30,574 - INFO - 绘制成功: 1 个位号, 范围: 1097-1197
2025-12-08 15:26:30,633 - INFO - 绘制成功: 1 个位号, 范围: 1119-1219
2025-12-08 15:26:30,690 - INFO - 绘制成功: 1 个位号, 范围: 1132-1232
2025-12-08 15:26:30,752 - INFO - 绘制成功: 1 个位号, 范围: 1136-1236
2025-12-08 15:26:30,805 - INFO - 绘制成功: 1 个位号, 范围: 1167-1267
2025-12-08 15:26:30,860 - INFO - 绘制成功: 1 个位号, 范围: 1180-1280
2025-12-08 15:26:31,144 - INFO - 绘制成功: 1 个位号, 范围: 1176-1276
2025-12-08 15:26:31,201 - INFO - 绘制成功: 1 个位号, 范围: 1167-1267
2025-12-08 15:26:31,265 - INFO - 绘制成功: 1 个位号, 范围: 1114-1214
2025-12-08 15:26:31,329 - INFO - 绘制成功: 1 个位号, 范围: 1070-1170
2025-12-08 15:26:31,390 - INFO - 绘制成功: 1 个位号, 范围: 1031-1131
2025-12-08 15:26:31,448 - INFO - 绘制成功: 1 个位号, 范围: 969-1069
2025-12-08 15:26:31,511 - INFO - 绘制成功: 1 个位号, 范围: 926-1026
2025-12-08 15:26:31,600 - INFO - 绘制成功: 1 个位号, 范围: 917-1017
2025-12-08 15:26:33,002 - INFO - 绘制成功: 1 个位号, 范围: 917-1917
2025-12-08 15:26:36,306 - INFO - 绘制成功: 1 个位号, 范围: 0-10000
2025-12-08 15:26:36,427 - INFO - 绘制成功: 1 个位号, 范围: 0-10000
2025-12-08 15:28:11,854 - INFO - 配置matplotlib使用中文字体: Microsoft YaHei
2025-12-08 15:28:11,887 - INFO - TemplateManager initialized: templates_dir=F:\gitee\data_factory_next\export_templates\templates
2025-12-08 15:28:11,895 - INFO - 加载了 3 个模板
2025-12-08 15:34:03,947 - INFO - 配置matplotlib使用中文字体: Microsoft YaHei
2025-12-08 15:34:03,980 - INFO - TemplateManager initialized: templates_dir=F:\gitee\data_factory_next\export_templates\templates
2025-12-08 15:34:03,988 - INFO - 加载了 3 个模板
2025-12-08 15:34:11,499 - INFO - 配置matplotlib使用中文字体: Microsoft YaHei
2025-12-08 15:34:11,536 - INFO - TemplateManager initialized: templates_dir=F:\gitee\data_factory_next\export_templates\templates
2025-12-08 15:34:11,541 - INFO - 加载了 3 个模板
